#
# There is insufficient memory for the Java Runtime Environment to continue.
# Native memory allocation (malloc) failed to allocate 32744 bytes for ChunkPool::allocate
# Possible reasons:
#   The system is out of physical RAM or swap space
#   The process is running with CompressedOops enabled, and the Java Heap may be blocking the growth of the native heap
# Possible solutions:
#   Reduce memory load on the system
#   Increase physical memory or swap space
#   Check if swap backing store is full
#   Decrease Java heap size (-Xmx/-Xms)
#   Decrease number of Java threads
#   Decrease Java thread stack sizes (-Xss)
#   Set larger code cache with -XX:ReservedCodeCacheSize=
#   JVM is running with Zero Based Compressed Oops mode in which the Java heap is
#     placed in the first 32GB address space. The Java Heap base address is the
#     maximum limit for the native heap growth. Please use -XX:HeapBaseMinAddress
#     to set the Java Heap base and to place the Java Heap above 32GB virtual address.
# This output file may be truncated or incomplete.
#
#  Out of Memory Error (allocation.cpp:272), pid=13024, tid=0x0000000000003810
#
# JRE version: Java(TM) SE Runtime Environment (8.0_251-b08) (build 1.8.0_251-b08)
# Java VM: Java HotSpot(TM) 64-Bit Server VM (25.251-b08 mixed mode windows-amd64 compressed oops)
# Failed to write core dump. Minidumps are not enabled by default on client versions of Windows
#

---------------  T H R E A D  ---------------

Current thread (0x000000001d245800):  JavaThread "C1 CompilerThread3" daemon [_thread_in_native, id=14352, stack(0x000000001dd80000,0x000000001de80000)]

Stack: [0x000000001dd80000,0x000000001de80000]
[error occurred during error reporting (printing stack bounds), id 0xc0000005]

Native frames: (J=compiled Java code, j=interpreted, Vv=VM code, C=native code)


Current CompileTask:
C1:  22071 6087       1       com.mysql.cj.util.StringUtils::indexOfNextChar (1000 bytes)


---------------  P R O C E S S  ---------------

Java Threads: ( => current thread )
  0x0000000021d2a000 JavaThread "HikariPool-1 connection adder" daemon [_thread_blocked, id=9148, stack(0x000000001eb10000,0x000000001ec10000)]
  0x0000000021d25800 JavaThread "RMI TCP Connection(2)-192.168.1.5" daemon [_thread_in_native, id=9196, stack(0x000000001ea10000,0x000000001eb10000)]
  0x0000000021d29000 JavaThread "DestroyJavaVM" [_thread_blocked, id=16376, stack(0x0000000003320000,0x0000000003420000)]
  0x0000000021d24800 JavaThread "http-nio-8080-Acceptor" daemon [_thread_in_native, id=9848, stack(0x00000000249b0000,0x0000000024ab0000)]
  0x0000000021d27800 JavaThread "http-nio-8080-Poller" daemon [_thread_in_native, id=6672, stack(0x00000000248b0000,0x00000000249b0000)]
  0x0000000021d28800 JavaThread "http-nio-8080-exec-10" daemon [_thread_blocked, id=7748, stack(0x00000000247b0000,0x00000000248b0000)]
  0x0000000021d27000 JavaThread "http-nio-8080-exec-9" daemon [_thread_blocked, id=1664, stack(0x00000000246b0000,0x00000000247b0000)]
  0x0000000021d26000 JavaThread "http-nio-8080-exec-8" daemon [_thread_blocked, id=3280, stack(0x00000000245b0000,0x00000000246b0000)]
  0x0000000021a36800 JavaThread "http-nio-8080-exec-7" daemon [_thread_blocked, id=1756, stack(0x00000000244b0000,0x00000000245b0000)]
  0x0000000021a35000 JavaThread "http-nio-8080-exec-6" daemon [_thread_in_Java, id=8412, stack(0x00000000243b0000,0x00000000244b0000)]
  0x0000000021a33800 JavaThread "http-nio-8080-exec-5" daemon [_thread_in_Java, id=15092, stack(0x00000000242b0000,0x00000000243b0000)]
  0x0000000021a34800 JavaThread "http-nio-8080-exec-4" daemon [_thread_blocked, id=14952, stack(0x00000000241b0000,0x00000000242b0000)]
  0x0000000021a33000 JavaThread "http-nio-8080-exec-3" daemon [_thread_in_native, id=2912, stack(0x00000000240b0000,0x00000000241b0000)]
  0x0000000021a36000 JavaThread "http-nio-8080-exec-2" daemon [_thread_blocked, id=9244, stack(0x0000000023fb0000,0x00000000240b0000)]
  0x0000000021a32000 JavaThread "http-nio-8080-exec-1" daemon [_thread_blocked, id=13572, stack(0x0000000023db0000,0x0000000023eb0000)]
  0x0000000021a38000 JavaThread "Live Reload Server" daemon [_thread_in_native, id=10164, stack(0x0000000023eb0000,0x0000000023fb0000)]
  0x0000000021a37800 JavaThread "File Watcher" daemon [_thread_blocked, id=2560, stack(0x0000000022eb0000,0x0000000022fb0000)]
  0x0000000021a39000 JavaThread "HikariPool-1 housekeeper" daemon [_thread_blocked, id=7432, stack(0x0000000022db0000,0x0000000022eb0000)]
  0x000000001c949800 JavaThread "mysql-cj-abandoned-connection-cleanup" daemon [_thread_blocked, id=9948, stack(0x00000000213e0000,0x00000000214e0000)]
  0x000000001fec6800 JavaThread "container-0" [_thread_blocked, id=14552, stack(0x00000000212e0000,0x00000000213e0000)]
  0x000000001fec1800 JavaThread "Catalina-utility-2" [_thread_blocked, id=12376, stack(0x00000000204e0000,0x00000000205e0000)]
  0x000000001fee1000 JavaThread "Catalina-utility-1" [_thread_blocked, id=11824, stack(0x000000001ee10000,0x000000001ef10000)]
  0x000000001d746800 JavaThread "RMI Scheduler(0)" daemon [_thread_blocked, id=3580, stack(0x000000001e910000,0x000000001ea10000)]
  0x000000001d718000 JavaThread "RMI TCP Connection(1)-192.168.1.5" daemon [_thread_in_native, id=11756, stack(0x000000001e4c0000,0x000000001e5c0000)]
  0x000000001d509000 JavaThread "RMI TCP Accept-0" daemon [_thread_in_native, id=1808, stack(0x000000001e2c0000,0x000000001e3c0000)]
  0x000000001d2df000 JavaThread "Service Thread" daemon [_thread_blocked, id=14344, stack(0x000000001de80000,0x000000001df80000)]
=>0x000000001d245800 JavaThread "C1 CompilerThread3" daemon [_thread_in_native, id=14352, stack(0x000000001dd80000,0x000000001de80000)]
  0x000000001d244800 JavaThread "C2 CompilerThread2" daemon [_thread_blocked, id=5536, stack(0x000000001dc80000,0x000000001dd80000)]
  0x000000001d236800 JavaThread "C2 CompilerThread1" daemon [_thread_blocked, id=12476, stack(0x000000001db80000,0x000000001dc80000)]
  0x000000001d230800 JavaThread "C2 CompilerThread0" daemon [_thread_blocked, id=8072, stack(0x000000001da80000,0x000000001db80000)]
  0x000000001d1a7800 JavaThread "Monitor Ctrl-Break" daemon [_thread_in_native, id=15832, stack(0x000000001d980000,0x000000001da80000)]
  0x000000001aaab000 JavaThread "Attach Listener" daemon [_thread_blocked, id=16068, stack(0x000000001d080000,0x000000001d180000)]
  0x000000001aaaa000 JavaThread "Signal Dispatcher" daemon [_thread_blocked, id=6356, stack(0x000000001cf80000,0x000000001d080000)]
  0x000000001aaa3800 JavaThread "Finalizer" daemon [_thread_blocked, id=15624, stack(0x000000001cd80000,0x000000001ce80000)]
  0x000000001c8a0800 JavaThread "Reference Handler" daemon [_thread_blocked, id=10084, stack(0x000000001cc80000,0x000000001cd80000)]

Other Threads:
  0x000000000351e800 VMThread [stack: 0x000000001c780000,0x000000001c880000] [id=14508]
  0x000000001d514800 WatcherThread [stack: 0x000000001e3c0000,0x000000001e4c0000] [id=3116]

VM state:not at safepoint (normal execution)

VM Mutex/Monitor currently owned by a thread: None

heap address: 0x0000000702200000, size: 3038 MB, Compressed Oops mode: Zero based, Oop shift amount: 3
Narrow klass base: 0x0000000000000000, Narrow klass shift: 3
Compressed class space size: 1073741824 Address: 0x00000007c0000000

Heap:
 PSYoungGen      total 328704K, used 87726K [0x0000000780b80000, 0x0000000797280000, 0x00000007c0000000)
  eden space 315904K, 27% used [0x0000000780b80000,0x000000078612b848,0x0000000794000000)
  from space 12800K, 0% used [0x0000000794c00000,0x0000000794c00000,0x0000000795880000)
  to   space 12288K, 0% used [0x0000000794000000,0x0000000794000000,0x0000000794c00000)
 ParOldGen       total 90624K, used 27085K [0x0000000702200000, 0x0000000707a80000, 0x0000000780b80000)
  object space 90624K, 29% used [0x0000000702200000,0x0000000703c734b8,0x0000000707a80000)
 Metaspace       used 59742K, capacity 63878K, committed 64000K, reserved 1103872K
  class space    used 8445K, capacity 9153K, committed 9216K, reserved 1048576K

Card table byte_map: [0x00000000129e0000,0x0000000012fd0000] byte_map_base: 0x000000000f1cf000

Marking Bits: (ParMarkBitMap*) 0x000000006790af90
 Begin Bits: [0x0000000013bd0000, 0x0000000016b48000)
 End Bits:   [0x0000000016b48000, 0x0000000019ac0000)

Polling page: 0x0000000001970000

CodeCache: size=245760Kb used=10842Kb max_used=10923Kb free=234917Kb
 bounds [0x0000000003620000, 0x00000000040d0000, 0x0000000012620000]
 total_blobs=6586 nmethods=5973 adapters=523
 compilation: enabled

Compilation events (10 events):
Event: 22.057 Thread 0x000000001d245800 nmethod 6080 0x00000000040cba50 code [0x00000000040cbba0, 0x00000000040cbcb0]
Event: 22.057 Thread 0x000000001d245800 6081       1       org.hibernate.type.descriptor.java.AbstractTypeDescriptor::getMutabilityPlan (5 bytes)
Event: 22.058 Thread 0x000000001d245800 nmethod 6081 0x00000000040cbd10 code [0x00000000040cbe60, 0x00000000040cbf70]
Event: 22.059 Thread 0x000000001d245800 6082       1       org.hibernate.type.AbstractStandardBasicType::isAnyType (2 bytes)
Event: 22.059 Thread 0x000000001d245800 nmethod 6082 0x0000000003a2f510 code [0x0000000003a2f660, 0x0000000003a2f770]
Event: 22.059 Thread 0x000000001d245800 6083       1       java.lang.reflect.Field::getFieldAccessor (35 bytes)
Event: 22.059 Thread 0x000000001d245800 nmethod 6083 0x0000000003a2f1d0 code [0x0000000003a2f320, 0x0000000003a2f488]
Event: 22.065 Thread 0x000000001d245800 6085   !   1       java.io.BufferedWriter::write (117 bytes)
Event: 22.065 Thread 0x000000001d245800 nmethod 6085 0x0000000003a56a90 code [0x0000000003a56c20, 0x0000000003a57088]
Event: 22.066 Thread 0x000000001d245800 6087       1       com.mysql.cj.util.StringUtils::indexOfNextChar (1000 bytes)

GC Heap History (10 events):
Event: 4.957 GC heap before
{Heap before GC invocations=9 (full 1):
 PSYoungGen      total 203264K, used 48557K [0x0000000780b80000, 0x0000000795880000, 0x00000007c0000000)
  eden space 194048K, 20% used [0x0000000780b80000,0x00000007831f19b8,0x000000078c900000)
  from space 9216K, 99% used [0x000000078c900000,0x000000078d1f9b70,0x000000078d200000)
  to   space 12800K, 0% used [0x0000000794c00000,0x0000000794c00000,0x0000000795880000)
 ParOldGen       total 65024K, used 11037K [0x0000000702200000, 0x0000000706180000, 0x0000000780b80000)
  object space 65024K, 16% used [0x0000000702200000,0x0000000702cc76f0,0x0000000706180000)
 Metaspace       used 33135K, capacity 35280K, committed 35416K, reserved 1079296K
  class space    used 4605K, capacity 5029K, committed 5120K, reserved 1048576K
Event: 4.964 GC heap after
Heap after GC invocations=9 (full 1):
 PSYoungGen      total 328704K, used 7952K [0x0000000780b80000, 0x0000000797280000, 0x00000007c0000000)
  eden space 315904K, 0% used [0x0000000780b80000,0x0000000780b80000,0x0000000794000000)
  from space 12800K, 62% used [0x0000000794c00000,0x00000007953c41f0,0x0000000795880000)
  to   space 12288K, 0% used [0x0000000794000000,0x0000000794000000,0x0000000794c00000)
 ParOldGen       total 65024K, used 11045K [0x0000000702200000, 0x0000000706180000, 0x0000000780b80000)
  object space 65024K, 16% used [0x0000000702200000,0x0000000702cc96f0,0x0000000706180000)
 Metaspace       used 33135K, capacity 35280K, committed 35416K, reserved 1079296K
  class space    used 4605K, capacity 5029K, committed 5120K, reserved 1048576K
}
Event: 4.964 GC heap before
{Heap before GC invocations=10 (full 2):
 PSYoungGen      total 328704K, used 7952K [0x0000000780b80000, 0x0000000797280000, 0x00000007c0000000)
  eden space 315904K, 0% used [0x0000000780b80000,0x0000000780b80000,0x0000000794000000)
  from space 12800K, 62% used [0x0000000794c00000,0x00000007953c41f0,0x0000000795880000)
  to   space 12288K, 0% used [0x0000000794000000,0x0000000794000000,0x0000000794c00000)
 ParOldGen       total 65024K, used 11045K [0x0000000702200000, 0x0000000706180000, 0x0000000780b80000)
  object space 65024K, 16% used [0x0000000702200000,0x0000000702cc96f0,0x0000000706180000)
 Metaspace       used 33135K, capacity 35280K, committed 35416K, reserved 1079296K
  class space    used 4605K, capacity 5029K, committed 5120K, reserved 1048576K
Event: 5.006 GC heap after
Heap after GC invocations=10 (full 2):
 PSYoungGen      total 328704K, used 0K [0x0000000780b80000, 0x0000000797280000, 0x00000007c0000000)
  eden space 315904K, 0% used [0x0000000780b80000,0x0000000780b80000,0x0000000794000000)
  from space 12800K, 0% used [0x0000000794c00000,0x0000000794c00000,0x0000000795880000)
  to   space 12288K, 0% used [0x0000000794000000,0x0000000794000000,0x0000000794c00000)
 ParOldGen       total 90624K, used 13608K [0x0000000702200000, 0x0000000707a80000, 0x0000000780b80000)
  object space 90624K, 15% used [0x0000000702200000,0x0000000702f4a2d8,0x0000000707a80000)
 Metaspace       used 33135K, capacity 35280K, committed 35416K, reserved 1079296K
  class space    used 4605K, capacity 5029K, committed 5120K, reserved 1048576K
}
Event: 20.614 GC heap before
{Heap before GC invocations=11 (full 2):
 PSYoungGen      total 328704K, used 315904K [0x0000000780b80000, 0x0000000797280000, 0x00000007c0000000)
  eden space 315904K, 100% used [0x0000000780b80000,0x0000000794000000,0x0000000794000000)
  from space 12800K, 0% used [0x0000000794c00000,0x0000000794c00000,0x0000000795880000)
  to   space 12288K, 0% used [0x0000000794000000,0x0000000794000000,0x0000000794c00000)
 ParOldGen       total 90624K, used 13608K [0x0000000702200000, 0x0000000707a80000, 0x0000000780b80000)
  object space 90624K, 15% used [0x0000000702200000,0x0000000702f4a2d8,0x0000000707a80000)
 Metaspace       used 51350K, capacity 54000K, committed 54144K, reserved 1095680K
  class space    used 7183K, capacity 7693K, committed 7808K, reserved 1048576K
Event: 20.629 GC heap after
Heap after GC invocations=11 (full 2):
 PSYoungGen      total 328192K, used 12277K [0x0000000780b80000, 0x0000000797280000, 0x00000007c0000000)
  eden space 315904K, 0% used [0x0000000780b80000,0x0000000780b80000,0x0000000794000000)
  from space 12288K, 99% used [0x0000000794000000,0x0000000794bfd678,0x0000000794c00000)
  to   space 12800K, 0% used [0x0000000794c00000,0x0000000794c00000,0x0000000795880000)
 ParOldGen       total 90624K, used 24653K [0x0000000702200000, 0x0000000707a80000, 0x0000000780b80000)
  object space 90624K, 27% used [0x0000000702200000,0x0000000703a135f8,0x0000000707a80000)
 Metaspace       used 51350K, capacity 54000K, committed 54144K, reserved 1095680K
  class space    used 7183K, capacity 7693K, committed 7808K, reserved 1048576K
}
Event: 21.262 GC heap before
{Heap before GC invocations=12 (full 2):
 PSYoungGen      total 328192K, used 86538K [0x0000000780b80000, 0x0000000797280000, 0x00000007c0000000)
  eden space 315904K, 23% used [0x0000000780b80000,0x00000007854052d0,0x0000000794000000)
  from space 12288K, 99% used [0x0000000794000000,0x0000000794bfd678,0x0000000794c00000)
  to   space 12800K, 0% used [0x0000000794c00000,0x0000000794c00000,0x0000000795880000)
 ParOldGen       total 90624K, used 24653K [0x0000000702200000, 0x0000000707a80000, 0x0000000780b80000)
  object space 90624K, 27% used [0x0000000702200000,0x0000000703a135f8,0x0000000707a80000)
 Metaspace       used 55534K, capacity 58960K, committed 59028K, reserved 1099776K
  class space    used 7805K, capacity 8401K, committed 8448K, reserved 1048576K
Event: 21.271 GC heap after
Heap after GC invocations=12 (full 2):
 PSYoungGen      total 328704K, used 12774K [0x0000000780b80000, 0x0000000797280000, 0x00000007c0000000)
  eden space 315904K, 0% used [0x0000000780b80000,0x0000000780b80000,0x0000000794000000)
  from space 12800K, 99% used [0x0000000794c00000,0x0000000795879b00,0x0000000795880000)
  to   space 12288K, 0% used [0x0000000794000000,0x0000000794000000,0x0000000794c00000)
 ParOldGen       total 90624K, used 27395K [0x0000000702200000, 0x0000000707a80000, 0x0000000780b80000)
  object space 90624K, 30% used [0x0000000702200000,0x0000000703cc0c70,0x0000000707a80000)
 Metaspace       used 55534K, capacity 58960K, committed 59028K, reserved 1099776K
  class space    used 7805K, capacity 8401K, committed 8448K, reserved 1048576K
}
Event: 21.271 GC heap before
{Heap before GC invocations=13 (full 3):
 PSYoungGen      total 328704K, used 12774K [0x0000000780b80000, 0x0000000797280000, 0x00000007c0000000)
  eden space 315904K, 0% used [0x0000000780b80000,0x0000000780b80000,0x0000000794000000)
  from space 12800K, 99% used [0x0000000794c00000,0x0000000795879b00,0x0000000795880000)
  to   space 12288K, 0% used [0x0000000794000000,0x0000000794000000,0x0000000794c00000)
 ParOldGen       total 90624K, used 27395K [0x0000000702200000, 0x0000000707a80000, 0x0000000780b80000)
  object space 90624K, 30% used [0x0000000702200000,0x0000000703cc0c70,0x0000000707a80000)
 Metaspace       used 55534K, capacity 58960K, committed 59028K, reserved 1099776K
  class space    used 7805K, capacity 8401K, committed 8448K, reserved 1048576K
Event: 21.400 GC heap after
Heap after GC invocations=13 (full 3):
 PSYoungGen      total 328704K, used 0K [0x0000000780b80000, 0x0000000797280000, 0x00000007c0000000)
  eden space 315904K, 0% used [0x0000000780b80000,0x0000000780b80000,0x0000000794000000)
  from space 12800K, 0% used [0x0000000794c00000,0x0000000794c00000,0x0000000795880000)
  to   space 12288K, 0% used [0x0000000794000000,0x0000000794000000,0x0000000794c00000)
 ParOldGen       total 90624K, used 27085K [0x0000000702200000, 0x0000000707a80000, 0x0000000780b80000)
  object space 90624K, 29% used [0x0000000702200000,0x0000000703c734b8,0x0000000707a80000)
 Metaspace       used 55534K, capacity 58960K, committed 59028K, reserved 1099776K
  class space    used 7805K, capacity 8401K, committed 8448K, reserved 1048576K
}

Deoptimization events (0 events):
No events

Classes redefined (0 events):
No events

Internal exceptions (10 events):
Event: 22.002 Thread 0x0000000021a33000 Exception <a 'java/lang/ClassNotFoundException': com/backend/pharmacy_management/model/dto/DrugDtoTuanCustomizer> (0x0000000785782188) thrown at [C:\jenkins\workspace\8-2-build-windows-amd64-cygwin\jdk8u251\737\hotspot\src\share\vm\classfile\systemDiction
Event: 22.002 Thread 0x0000000021a33800 Exception <a 'java/lang/ClassNotFoundException': java/lang/ObjectCustomizer> (0x000000078548b078) thrown at [C:\jenkins\workspace\8-2-build-windows-amd64-cygwin\jdk8u251\737\hotspot\src\share\vm\classfile\systemDictionary.cpp, line 210]
Event: 22.002 Thread 0x0000000021a32000 Exception <a 'java/lang/ClassNotFoundException': com/backend/pharmacy_management/model/dto/DrugDtoTuanCustomizer> (0x0000000785510438) thrown at [C:\jenkins\workspace\8-2-build-windows-amd64-cygwin\jdk8u251\737\hotspot\src\share\vm\classfile\systemDiction
Event: 22.002 Thread 0x0000000021a33800 Exception <a 'java/lang/ClassNotFoundException': com/backend/pharmacy_management/model/dto/DrugDtoTuanCustomizer> (0x00000007854b2790) thrown at [C:\jenkins\workspace\8-2-build-windows-amd64-cygwin\jdk8u251\737\hotspot\src\share\vm\classfile\systemDiction
Event: 22.003 Thread 0x0000000021d26000 Exception <a 'java/lang/ClassNotFoundException': java/lang/ObjectCustomizer> (0x000000078536d8f8) thrown at [C:\jenkins\workspace\8-2-build-windows-amd64-cygwin\jdk8u251\737\hotspot\src\share\vm\classfile\systemDictionary.cpp, line 210]
Event: 22.003 Thread 0x0000000021a35000 Exception <a 'java/lang/ClassNotFoundException': java/lang/ObjectCustomizer> (0x00000007856833d8) thrown at [C:\jenkins\workspace\8-2-build-windows-amd64-cygwin\jdk8u251\737\hotspot\src\share\vm\classfile\systemDictionary.cpp, line 210]
Event: 22.003 Thread 0x0000000021d26000 Exception <a 'java/lang/ClassNotFoundException': com/backend/pharmacy_management/model/dto/DrugDtoTuanCustomizer> (0x0000000785395010) thrown at [C:\jenkins\workspace\8-2-build-windows-amd64-cygwin\jdk8u251\737\hotspot\src\share\vm\classfile\systemDiction
Event: 22.004 Thread 0x0000000021a36000 Exception <a 'java/lang/ClassNotFoundException': java/lang/ObjectCustomizer> (0x0000000785206070) thrown at [C:\jenkins\workspace\8-2-build-windows-amd64-cygwin\jdk8u251\737\hotspot\src\share\vm\classfile\systemDictionary.cpp, line 210]
Event: 22.005 Thread 0x0000000021a35000 Exception <a 'java/lang/ClassNotFoundException': com/backend/pharmacy_management/model/dto/DrugDtoTuanCustomizer> (0x00000007856aaaf0) thrown at [C:\jenkins\workspace\8-2-build-windows-amd64-cygwin\jdk8u251\737\hotspot\src\share\vm\classfile\systemDiction
Event: 22.005 Thread 0x0000000021a36000 Exception <a 'java/lang/ClassNotFoundException': com/backend/pharmacy_management/model/dto/DrugDtoTuanCustomizer> (0x000000078522d788) thrown at [C:\jenkins\workspace\8-2-build-windows-amd64-cygwin\jdk8u251\737\hotspot\src\share\vm\classfile\systemDiction

Events (10 events):
Event: 22.066 Thread 0x000000001d245800 flushing nmethod 0x0000000003c6c390
Event: 22.066 Thread 0x000000001d245800 flushing nmethod 0x0000000003c703d0
Event: 22.066 loading class com/zaxxer/hikari/pool/HikariProxyPreparedStatement
Event: 22.066 loading class com/zaxxer/hikari/pool/HikariProxyPreparedStatement done
Event: 22.066 loading class com/zaxxer/hikari/pool/ProxyPreparedStatement
Event: 22.066 loading class com/zaxxer/hikari/pool/ProxyPreparedStatement done
Event: 22.068 loading class org/hibernate/type/descriptor/sql/VarcharTypeDescriptor$1
Event: 22.068 loading class org/hibernate/type/descriptor/sql/VarcharTypeDescriptor$1 done
Event: 22.068 loading class org/hibernate/type/descriptor/sql/BasicBinder
Event: 22.068 loading class org/hibernate/type/descriptor/sql/BasicBinder done


Dynamic libraries:
0x00007ff7ae510000 - 0x00007ff7ae547000 	C:\Program Files\Java\jdk1.8.0_251\bin\java.exe
0x00007ffddecf0000 - 0x00007ffddeee5000 	C:\Windows\SYSTEM32\ntdll.dll
0x00007ffdde440000 - 0x00007ffdde4fd000 	C:\Windows\System32\KERNEL32.DLL
0x00007ffddc480000 - 0x00007ffddc749000 	C:\Windows\System32\KERNELBASE.dll
0x00007ffddd060000 - 0x00007ffddd10c000 	C:\Windows\System32\ADVAPI32.dll
0x00007ffddcd50000 - 0x00007ffddcdee000 	C:\Windows\System32\msvcrt.dll
0x00007ffdde200000 - 0x00007ffdde29b000 	C:\Windows\System32\sechost.dll
0x00007ffdde0d0000 - 0x00007ffdde1fa000 	C:\Windows\System32\RPCRT4.dll
0x00007ffdde2a0000 - 0x00007ffdde440000 	C:\Windows\System32\USER32.dll
0x00007ffddcd20000 - 0x00007ffddcd42000 	C:\Windows\System32\win32u.dll
0x00007ffddd8e0000 - 0x00007ffddd90a000 	C:\Windows\System32\GDI32.dll
0x00007ffddcc10000 - 0x00007ffddcd1b000 	C:\Windows\System32\gdi32full.dll
0x00007ffddc960000 - 0x00007ffddc9fd000 	C:\Windows\System32\msvcp_win.dll
0x00007ffddca50000 - 0x00007ffddcb50000 	C:\Windows\System32\ucrtbase.dll
0x00007ffdc62f0000 - 0x00007ffdc658a000 	C:\Windows\WinSxS\amd64_microsoft.windows.common-controls_6595b64144ccf1df_6.0.19041.1110_none_60b5254171f9507e\COMCTL32.dll
0x00007ffddec10000 - 0x00007ffddec40000 	C:\Windows\System32\IMM32.DLL
0x0000000067990000 - 0x0000000067a62000 	C:\Program Files\Java\jdk1.8.0_251\jre\bin\msvcr100.dll
0x00000000670e0000 - 0x000000006798b000 	C:\Program Files\Java\jdk1.8.0_251\jre\bin\server\jvm.dll
0x00007ffdde9e0000 - 0x00007ffdde9e8000 	C:\Windows\System32\PSAPI.DLL
0x00007ffdd38d0000 - 0x00007ffdd38d9000 	C:\Windows\SYSTEM32\WSOCK32.dll
0x00007ffdde060000 - 0x00007ffdde0cb000 	C:\Windows\System32\WS2_32.dll
0x00007ffdc3340000 - 0x00007ffdc3367000 	C:\Windows\SYSTEM32\WINMM.dll
0x00007ffdd2180000 - 0x00007ffdd218a000 	C:\Windows\SYSTEM32\VERSION.dll
0x00007ffdc61c0000 - 0x00007ffdc61cf000 	C:\Program Files\Java\jdk1.8.0_251\jre\bin\verify.dll
0x00007ffdc3870000 - 0x00007ffdc3899000 	C:\Program Files\Java\jdk1.8.0_251\jre\bin\java.dll
0x00007ffdd3840000 - 0x00007ffdd3863000 	C:\Program Files\Java\jdk1.8.0_251\jre\bin\instrument.dll
0x00007ffda5640000 - 0x00007ffda5656000 	C:\Program Files\Java\jdk1.8.0_251\jre\bin\zip.dll
0x00007ffddd1a0000 - 0x00007ffddd8df000 	C:\Windows\System32\SHELL32.dll
0x00007ffdda430000 - 0x00007ffddabc0000 	C:\Windows\SYSTEM32\windows.storage.dll
0x00007ffdddaa0000 - 0x00007ffddddf5000 	C:\Windows\System32\combase.dll
0x00007ffddbdb0000 - 0x00007ffddbddc000 	C:\Windows\SYSTEM32\Wldp.dll
0x00007ffddd910000 - 0x00007ffddd9be000 	C:\Windows\System32\SHCORE.dll
0x00007ffdddf20000 - 0x00007ffdddf75000 	C:\Windows\System32\shlwapi.dll
0x00007ffddc360000 - 0x00007ffddc37f000 	C:\Windows\SYSTEM32\profapi.dll
0x00007ffdd4870000 - 0x00007ffdd488a000 	C:\Program Files\JetBrains\IntelliJ IDEA 2021.1.2\bin\breakgen64.dll
0x00007ffda7e30000 - 0x00007ffda7e4a000 	C:\Program Files\Java\jdk1.8.0_251\jre\bin\net.dll
0x00007ffddbb10000 - 0x00007ffddbb7a000 	C:\Windows\system32\mswsock.dll
0x00007ffddb840000 - 0x00007ffddb90c000 	C:\Windows\SYSTEM32\DNSAPI.dll
0x00007ffddb800000 - 0x00007ffddb83b000 	C:\Windows\SYSTEM32\IPHLPAPI.DLL
0x00007ffddcdf0000 - 0x00007ffddcdf8000 	C:\Windows\System32\NSI.dll
0x00007ffdd0260000 - 0x00007ffdd026a000 	C:\Windows\System32\rasadhlp.dll
0x00007ffdc8930000 - 0x00007ffdc89af000 	C:\Windows\System32\fwpuclnt.dll
0x00007ffddcb50000 - 0x00007ffddcb77000 	C:\Windows\System32\bcrypt.dll
0x00007ffdc61b0000 - 0x00007ffdc61bd000 	C:\Program Files\Java\jdk1.8.0_251\jre\bin\management.dll
0x00007ffda7e10000 - 0x00007ffda7e22000 	C:\Program Files\Java\jdk1.8.0_251\jre\bin\nio.dll
0x00007ffddbd10000 - 0x00007ffddbd28000 	C:\Windows\SYSTEM32\CRYPTSP.dll
0x00007ffddb490000 - 0x00007ffddb4c4000 	C:\Windows\system32\rsaenh.dll
0x00007ffddc2e0000 - 0x00007ffddc30e000 	C:\Windows\SYSTEM32\USERENV.dll
0x00007ffddcb80000 - 0x00007ffddcc03000 	C:\Windows\System32\bcryptprimitives.dll
0x00007ffddbd00000 - 0x00007ffddbd0c000 	C:\Windows\SYSTEM32\CRYPTBASE.dll
0x00007ffdd1460000 - 0x00007ffdd1477000 	C:\Windows\SYSTEM32\dhcpcsvc6.DLL
0x00007ffdd1390000 - 0x00007ffdd13ad000 	C:\Windows\SYSTEM32\dhcpcsvc.DLL
0x00007ffdc0a00000 - 0x00007ffdc0a17000 	C:\Windows\system32\napinsp.dll
0x00007ffdbf900000 - 0x00007ffdbf91b000 	C:\Windows\system32\pnrpnsp.dll
0x00007ffdd3d50000 - 0x00007ffdd3d65000 	C:\Windows\system32\wshbth.dll
0x00007ffdd47b0000 - 0x00007ffdd47cd000 	C:\Windows\system32\NLAapi.dll
0x00007ffdbf5c0000 - 0x00007ffdbf5d2000 	C:\Windows\System32\winrnr.dll
0x00007ffdd0e70000 - 0x00007ffdd0e94000 	C:\Program Files\Java\jdk1.8.0_251\jre\bin\sunec.dll
0x00007ffdd6570000 - 0x00007ffdd657c000 	C:\Program Files\Java\jdk1.8.0_251\jre\bin\sunmscapi.dll
0x00007ffddc750000 - 0x00007ffddc8af000 	C:\Windows\System32\CRYPT32.dll
0x00007ffddbe20000 - 0x00007ffddbe47000 	C:\Windows\SYSTEM32\ncrypt.dll
0x00007ffddbde0000 - 0x00007ffddbe1b000 	C:\Windows\SYSTEM32\NTASN1.dll

VM Arguments:
jvm_args: -XX:TieredStopAtLevel=1 -Xverify:none -Dspring.output.ansi.enabled=always -javaagent:C:\Program Files\JetBrains\IntelliJ IDEA 2021.1.2\lib\idea_rt.jar=63921:C:\Program Files\JetBrains\IntelliJ IDEA 2021.1.2\bin -Dcom.sun.management.jmxremote -Dspring.jmx.enabled=true -Dspring.liveBeansView.mbeanDomain -Dspring.application.admin.enabled=true -Dfile.encoding=UTF-8 
java_command: com.backend.pharmacy_management.PharmacyManagementApplication
java_class_path (initial): C:\Program Files\Java\jdk1.8.0_251\jre\lib\charsets.jar;C:\Program Files\Java\jdk1.8.0_251\jre\lib\deploy.jar;C:\Program Files\Java\jdk1.8.0_251\jre\lib\ext\access-bridge-64.jar;C:\Program Files\Java\jdk1.8.0_251\jre\lib\ext\cldrdata.jar;C:\Program Files\Java\jdk1.8.0_251\jre\lib\ext\dnsns.jar;C:\Program Files\Java\jdk1.8.0_251\jre\lib\ext\jaccess.jar;C:\Program Files\Java\jdk1.8.0_251\jre\lib\ext\jfxrt.jar;C:\Program Files\Java\jdk1.8.0_251\jre\lib\ext\localedata.jar;C:\Program Files\Java\jdk1.8.0_251\jre\lib\ext\nashorn.jar;C:\Program Files\Java\jdk1.8.0_251\jre\lib\ext\sunec.jar;C:\Program Files\Java\jdk1.8.0_251\jre\lib\ext\sunjce_provider.jar;C:\Program Files\Java\jdk1.8.0_251\jre\lib\ext\sunmscapi.jar;C:\Program Files\Java\jdk1.8.0_251\jre\lib\ext\sunpkcs11.jar;C:\Program Files\Java\jdk1.8.0_251\jre\lib\ext\zipfs.jar;C:\Program Files\Java\jdk1.8.0_251\jre\lib\javaws.jar;C:\Program Files\Java\jdk1.8.0_251\jre\lib\jce.jar;C:\Program Files\Java\jdk1.8.0_251\jre\lib\jfr.jar;C:\Program Files\Java\jdk1.8.0_251\jre\lib\jfxswt.jar;C:\Program Files\Java\jdk1.8.0_251\jre\lib\jsse.jar;C:\Program Files\Java\jdk1.8.0_251\jre\lib\management-agent.jar;C:\Program Files\Java\jdk1.8.0_251\jre\lib\plugin.jar;C:\Program Files\Java\jdk1.8.0_251\jre\lib\resources.jar;C:\Program Files\Java\jdk1.8.0_251\jre\lib\rt.jar;D:\project_sprint1\backend-drug-store\pharmacy_management\build\classes\java\main;D:\project_sprint1\backend-drug-store\pharmacy_management\build\resources\main;C:\Users\DELL\.gradle\caches\modules-2\files-2.1\org.projectlombok\lombok\1.18.20\18bcea7d5df4d49227b4a0743a536208ce4825bb\lombok-1.18.20.jar;C:\Users\DELL\.gradle\caches\modules-2\files-2.1\org.springframework.boot\spring-boot-starter-data-jdbc\2.5.3\667ea39ce70dcb6a375ceabd36f7e9b2f16d144c\spring-boot-starter-data-jdbc-2.5.3.jar;C:\Users\DELL\.gradle\caches\modules-2\files-2.1\org.springframework.boot\spring-boot-starter-data-jpa\2.5.3\6e57512b8907710566daf2b246c724de3e38ad14\sprin
Launcher Type: SUN_STANDARD

Environment Variables:
PATH=C:\Program Files (x86)\Common Files\Oracle\Java\javapath;C:\Windows\system32;C:\Windows;C:\Windows\System32\Wbem;C:\Windows\System32\WindowsPowerShell\v1.0\;C:\Windows\System32\OpenSSH\;C:\Program Files\Git\cmd;C:\Program Files\nodejs\;C:\Users\DELL\AppData\Local\Microsoft\WindowsApps;C:\Users\DELL\AppData\Roaming\npm
USERNAME=DELL
OS=Windows_NT
PROCESSOR_IDENTIFIER=Intel64 Family 6 Model 142 Stepping 12, GenuineIntel



---------------  S Y S T E M  ---------------

OS: Windows 10.0 , 64 bit Build 19041 (10.0.19041.1151)

CPU:total 8 (initial active 8) (4 cores per cpu, 2 threads per core) family 6 model 142 stepping 12, cmov, cx8, fxsr, mmx, sse, sse2, sse3, ssse3, sse4.1, sse4.2, popcnt, avx, avx2, aes, clmul, erms, 3dnowpref, lzcnt, ht, tsc, tscinvbit, bmi1, bmi2, adx

Memory: 4k page, physical 12441704k(395604k free), swap 27982468k(3192k free)

vm_info: Java HotSpot(TM) 64-Bit Server VM (25.251-b08) for windows-amd64 JRE (1.8.0_251-b08), built on Mar 12 2020 06:31:49 by "" with MS VC++ 10.0 (VS2010)

time: Wed Aug 18 17:55:08 2021
timezone: SE Asia Standard Time
elapsed time: 22 seconds (0d 0h 0m 22s)

